<?xml version="1.0" encoding="UTF-8"?>
<!-- Generated by org.testng.reporters.JUnitReportReporter -->
<testsuite hostname="Arunagiri" failures="0" tests="2" name="com.movie.Pushpa_Project.Pushpa_Project_Runner" time="11.431" errors="0" timestamp="2023-02-02T10:02:19 IST" skipped="0">
  <testcase classname="com.movie.Pushpa_Project.Pushpa_Project_Runner" name="imdb_Launch" time="3.529"/>
  <system-out/>
  <testcase classname="com.movie.Pushpa_Project.Pushpa_Project_Runner" name="imdb_Search" time="7.902"/>
  <system-out/>
</testsuite> <!-- com.movie.Pushpa_Project.Pushpa_Project_Runner -->
