<?xml version="1.0" encoding="UTF-8"?>
<!-- Generated by org.testng.reporters.JUnitReportReporter -->
<testsuite hostname="Arunagiri" failures="0" tests="4" name="com.Demo_Maven_Project.Runner_Class_Usha" time="13.513" errors="0" timestamp="2023-02-15T14:58:00 IST" skipped="0">
  <testcase classname="com.Demo_Maven_Project.Runner_Class_Usha" name="url_Page" time="1.358"/>
  <system-out/>
  <testcase classname="com.Demo_Maven_Project.Runner_Class_Usha" name="login" time="5.142"/>
  <system-out/>
  <testcase classname="com.Demo_Maven_Project.Runner_Class_Usha" name="create_Acc" time="6.475"/>
  <system-out/>
  <testcase classname="com.Demo_Maven_Project.Runner_Class_Usha" name="closed" time="0.538"/>
  <system-out/>
</testsuite> <!-- com.Demo_Maven_Project.Runner_Class_Usha -->
