<?xml version="1.0" encoding="UTF-8"?>
<!-- Generated by org.testng.reporters.JUnitReportReporter -->
<testsuite hostname="Arunagiri" failures="0" tests="2" name="com.Demo_Maven_Project.Parallel_Test" time="3.822" errors="0" timestamp="2023-01-22T17:06:35 IST" skipped="0">
  <testcase classname="com.Demo_Maven_Project.Parallel_Test" name="url_Launch1" time="2.555"/>
  <system-out/>
  <testcase classname="com.Demo_Maven_Project.Parallel_Test" name="url_Launch2" time="1.267"/>
  <system-out/>
</testsuite> <!-- com.Demo_Maven_Project.Parallel_Test -->
