<?xml version="1.0" encoding="UTF-8"?>
<!-- Generated by org.testng.reporters.JUnitReportReporter -->
<testsuite hostname="Arunagiri" failures="0" tests="1" name="com.Demo_Maven_Project.Testng_Class2" time="0.009" errors="0" timestamp="2023-01-21T07:58:35 IST" skipped="0">
  <testcase classname="com.Demo_Maven_Project.Testng_Class2" name="expected_Exception" time="0.009"/>
  <system-out/>
</testsuite> <!-- com.Demo_Maven_Project.Testng_Class2 -->
