<?xml version="1.0" encoding="UTF-8"?>
<!-- Generated by org.testng.reporters.JUnitReportReporter -->
<testsuite hostname="Arunagiri" failures="0" tests="3" name="Testng_Practice.Testng_Suites" time="1.959" errors="0" timestamp="2023-01-30T10:50:07 IST" skipped="0">
  <testcase classname="Testng_Practice.Testng_Suites" name="urlLaunch" time="0.874"/>
  <system-out/>
  <testcase classname="Testng_Practice.Testng_Suites" name="userName" time="0.079"/>
  <system-out/>
  <testcase classname="Testng_Practice.Testng_Suites" name="pw" time="1.006"/>
  <system-out/>
</testsuite> <!-- Testng_Practice.Testng_Suites -->
