<?xml version="1.0" encoding="UTF-8"?>
<!-- Generated by org.testng.reporters.JUnitReportReporter -->
<testsuite hostname="Arunagiri" failures="0" tests="3" name="com.testng_concepts.Testng_Class2" time="5.425" errors="0" timestamp="2023-01-28T23:41:08 IST" skipped="0">
  <testcase classname="com.testng_concepts.Testng_Class2" name="url_Launch" time="0.979"/>
  <system-out/>
  <testcase classname="com.testng_concepts.Testng_Class2" name="id" time="2.214"/>
  <system-out/>
  <testcase classname="com.testng_concepts.Testng_Class2" name="id" time="2.232"/>
  <system-out/>
</testsuite> <!-- com.testng_concepts.Testng_Class2 -->
