<?xml version="1.0" encoding="UTF-8"?>
<!-- Generated by org.testng.reporters.JUnitReportReporter -->
<testsuite hostname="Arunagiri" failures="0" tests="5" name="com.Demo_Maven_Project.Testng_Class1" time="9.925" errors="0" timestamp="2023-01-21T07:49:07 IST" skipped="0">
  <testcase classname="com.Demo_Maven_Project.Testng_Class1" name="url_Launch" time="0.668"/>
  <system-out/>
  <testcase classname="com.Demo_Maven_Project.Testng_Class1" name="url_Launch" time="0.714"/>
  <system-out/>
  <testcase classname="com.Demo_Maven_Project.Testng_Class1" name="url_Launch" time="1.217"/>
  <system-out/>
  <testcase classname="com.Demo_Maven_Project.Testng_Class1" name="login_Email" time="5.116"/>
  <system-out/>
  <testcase classname="com.Demo_Maven_Project.Testng_Class1" name="login_Password" time="2.210"/>
  <system-out/>
</testsuite> <!-- com.Demo_Maven_Project.Testng_Class1 -->
