<?xml version="1.0" encoding="UTF-8"?>
<!-- Generated by org.testng.reporters.JUnitReportReporter -->
<testsuite hostname="Arunagiri" failures="0" tests="2" name="com.testng_concepts.Parallel_Test" time="3.658" errors="0" timestamp="2023-01-22T19:08:34 IST" skipped="0">
  <testcase classname="com.testng_concepts.Parallel_Test" name="url_Launch2" time="2.461"/>
  <system-out/>
  <testcase classname="com.testng_concepts.Parallel_Test" name="url_Launch1" time="1.197"/>
  <system-out/>
</testsuite> <!-- com.testng_concepts.Parallel_Test -->
