<?xml version="1.0" encoding="UTF-8"?>
<!-- Generated by org.testng.reporters.JUnitReportReporter -->
<testsuite hostname="Arunagiri" failures="0" tests="1" name="com.testng_concepts.Assertion" time="2.967" errors="0" timestamp="2023-01-22T18:11:01 IST" skipped="0">
  <testcase classname="com.testng_concepts.Assertion" name="assert_Method" time="2.967"/>
  <system-out/>
</testsuite> <!-- com.testng_concepts.Assertion -->
