<?xml version="1.0" encoding="UTF-8"?>
<!-- Generated by org.testng.reporters.JUnitReportReporter -->
<testsuite hostname="Arunagiri" failures="0" tests="6" name="com.testng_concepts.Parameters_Test" time="16.369" errors="0" timestamp="2023-01-28T15:44:40 IST" skipped="0">
  <testcase classname="com.testng_concepts.Parameters_Test" name="url_Launch" time="0.893"/>
  <system-out/>
  <testcase classname="com.testng_concepts.Parameters_Test" name="url_Launch" time="0.968"/>
  <system-out/>
  <testcase classname="com.testng_concepts.Parameters_Test" name="login_Email" time="5.094"/>
  <system-out/>
  <testcase classname="com.testng_concepts.Parameters_Test" name="login_Email" time="5.079"/>
  <system-out/>
  <testcase classname="com.testng_concepts.Parameters_Test" name="login_Password" time="2.164"/>
  <system-out/>
  <testcase classname="com.testng_concepts.Parameters_Test" name="login_Password" time="2.171"/>
  <system-out/>
</testsuite> <!-- com.testng_concepts.Parameters_Test -->
